
*** Running vivado
    with args -log BME688_ilmb_v10_0.vds -m64 -product Vivado -mode batch -messageDb vivado.pb -notrace -source BME688_ilmb_v10_0.tcl



****** Vivado v2023.2.1 (64-bit)
  **** SW Build 4081461 on Thu Dec 14 12:24:51 MST 2023
  **** IP Build 4080415 on Thu Dec 14 21:01:57 MST 2023
  **** SharedData Build 4077621 on Mon Dec 11 00:23:44 MST 2023
    ** Copyright 1986-2022 Xilinx, Inc. All Rights Reserved.
    ** Copyright 2022-2023 Advanced Micro Devices, Inc. All Rights Reserved.

source BME688_ilmb_v10_0.tcl -notrace
INFO: [IP_Flow 19-6924] IPCACHE: Running cache check for IP inst: BME688_ilmb_v10_0
Command: synth_design -top BME688_ilmb_v10_0 -part xc7s50csga324-1 -incremental_mode off -mode out_of_context
Starting synth_design
Attempting to get a license for feature 'Synthesis' and/or device 'xc7s50'
INFO: [Common 17-349] Got license for feature 'Synthesis' and/or device 'xc7s50'
INFO: [Device 21-403] Loading part xc7s50csga324-1
INFO: [Synth 8-7079] Multithreading enabled for synth_design using a maximum of 2 processes.
INFO: [Synth 8-7078] Launching helper process for spawning children vivado processes
INFO: [Synth 8-7075] Helper process launched with PID 15544
---------------------------------------------------------------------------------
Starting RTL Elaboration : Time (s): cpu = 00:00:03 ; elapsed = 00:00:05 . Memory (MB): peak = 1422.188 ; gain = 438.867
---------------------------------------------------------------------------------
INFO: [Synth 8-638] synthesizing module 'BME688_ilmb_v10_0' [c:/Users/cloud/OneDrive/_Arty_Spartan_7/Projects/BME688-ARTYS7-50-SPI-MAIN/BME688-ARTYS7-50-SPI-MAIN.gen/sources_1/bd/BME688/ip/BME688_ilmb_v10_0/synth/BME688_ilmb_v10_0.vhd:89]
	Parameter C_LMB_NUM_SLAVES bound to: 1 - type: integer 
	Parameter C_LMB_DWIDTH bound to: 32 - type: integer 
	Parameter C_LMB_AWIDTH bound to: 32 - type: integer 
	Parameter C_LMB_PROTOCOL bound to: 0 - type: integer 
	Parameter C_EXT_RESET_HIGH bound to: 1 - type: integer 
INFO: [Synth 8-3491] module 'lmb_v10' declared at 'c:/Users/cloud/OneDrive/_Arty_Spartan_7/Projects/BME688-ARTYS7-50-SPI-MAIN/BME688-ARTYS7-50-SPI-MAIN.gen/sources_1/bd/BME688/ipshared/ae24/hdl/lmb_v10_v3_0_vh_rfs.vhd:91' bound to instance 'U0' of component 'lmb_v10' [c:/Users/cloud/OneDrive/_Arty_Spartan_7/Projects/BME688-ARTYS7-50-SPI-MAIN/BME688-ARTYS7-50-SPI-MAIN.gen/sources_1/bd/BME688/ip/BME688_ilmb_v10_0/synth/BME688_ilmb_v10_0.vhd:165]
INFO: [Synth 8-638] synthesizing module 'lmb_v10' [c:/Users/cloud/OneDrive/_Arty_Spartan_7/Projects/BME688-ARTYS7-50-SPI-MAIN/BME688-ARTYS7-50-SPI-MAIN.gen/sources_1/bd/BME688/ipshared/ae24/hdl/lmb_v10_v3_0_vh_rfs.vhd:140]
INFO: [Synth 8-3491] module 'FDS' declared at 'C:/Xilinx/Vivado/2023.2/scripts/rt/data/unisim_comp.v:41128' bound to instance 'POR_FF_I' of component 'FDS' [c:/Users/cloud/OneDrive/_Arty_Spartan_7/Projects/BME688-ARTYS7-50-SPI-MAIN/BME688-ARTYS7-50-SPI-MAIN.gen/sources_1/bd/BME688/ipshared/ae24/hdl/lmb_v10_v3_0_vh_rfs.vhd:170]
INFO: [Synth 8-6157] synthesizing module 'FDS' [C:/Xilinx/Vivado/2023.2/scripts/rt/data/unisim_comp.v:41128]
INFO: [Synth 8-6155] done synthesizing module 'FDS' (0#1) [C:/Xilinx/Vivado/2023.2/scripts/rt/data/unisim_comp.v:41128]
INFO: [Synth 8-256] done synthesizing module 'lmb_v10' (0#1) [c:/Users/cloud/OneDrive/_Arty_Spartan_7/Projects/BME688-ARTYS7-50-SPI-MAIN/BME688-ARTYS7-50-SPI-MAIN.gen/sources_1/bd/BME688/ipshared/ae24/hdl/lmb_v10_v3_0_vh_rfs.vhd:140]
INFO: [Synth 8-256] done synthesizing module 'BME688_ilmb_v10_0' (0#1) [c:/Users/cloud/OneDrive/_Arty_Spartan_7/Projects/BME688-ARTYS7-50-SPI-MAIN/BME688-ARTYS7-50-SPI-MAIN.gen/sources_1/bd/BME688/ip/BME688_ilmb_v10_0/synth/BME688_ilmb_v10_0.vhd:89]
---------------------------------------------------------------------------------
Finished RTL Elaboration : Time (s): cpu = 00:00:03 ; elapsed = 00:00:06 . Memory (MB): peak = 1534.984 ; gain = 551.664
---------------------------------------------------------------------------------
---------------------------------------------------------------------------------
Start Handling Custom Attributes
---------------------------------------------------------------------------------
---------------------------------------------------------------------------------
Finished Handling Custom Attributes : Time (s): cpu = 00:00:04 ; elapsed = 00:00:06 . Memory (MB): peak = 1534.984 ; gain = 551.664
---------------------------------------------------------------------------------
---------------------------------------------------------------------------------
Finished RTL Optimization Phase 1 : Time (s): cpu = 00:00:04 ; elapsed = 00:00:06 . Memory (MB): peak = 1534.984 ; gain = 551.664
---------------------------------------------------------------------------------
Netlist sorting complete. Time (s): cpu = 00:00:00 ; elapsed = 00:00:00.002 . Memory (MB): peak = 1534.984 ; gain = 0.000
INFO: [Netlist 29-17] Analyzing 1 Unisim elements for replacement
INFO: [Netlist 29-28] Unisim Transformation completed in 0 CPU seconds
INFO: [Project 1-570] Preparing netlist for logic optimization

Processing XDC Constraints
Initializing timing engine
Parsing XDC File [c:/Users/cloud/OneDrive/_Arty_Spartan_7/Projects/BME688-ARTYS7-50-SPI-MAIN/BME688-ARTYS7-50-SPI-MAIN.gen/sources_1/bd/BME688/ip/BME688_ilmb_v10_0/BME688_ilmb_v10_0_ooc.xdc] for cell 'U0'
Finished Parsing XDC File [c:/Users/cloud/OneDrive/_Arty_Spartan_7/Projects/BME688-ARTYS7-50-SPI-MAIN/BME688-ARTYS7-50-SPI-MAIN.gen/sources_1/bd/BME688/ip/BME688_ilmb_v10_0/BME688_ilmb_v10_0_ooc.xdc] for cell 'U0'
Parsing XDC File [C:/Users/cloud/OneDrive/_Arty_Spartan_7/Projects/BME688-ARTYS7-50-SPI-MAIN/BME688-ARTYS7-50-SPI-MAIN.runs/BME688_ilmb_v10_0_synth_1/dont_touch.xdc]
Finished Parsing XDC File [C:/Users/cloud/OneDrive/_Arty_Spartan_7/Projects/BME688-ARTYS7-50-SPI-MAIN/BME688-ARTYS7-50-SPI-MAIN.runs/BME688_ilmb_v10_0_synth_1/dont_touch.xdc]
Completed Processing XDC Constraints

Netlist sorting complete. Time (s): cpu = 00:00:00 ; elapsed = 00:00:00 . Memory (MB): peak = 1550.141 ; gain = 0.000
INFO: [Project 1-111] Unisim Transformation Summary:
  A total of 1 instances were transformed.
  FDS => FDSE: 1 instance 

The system cannot find the path specified.
Constraint Validation Runtime : Time (s): cpu = 00:00:00 ; elapsed = 00:00:00.022 . Memory (MB): peak = 1550.145 ; gain = 0.004
INFO: [Designutils 20-5008] Incremental synthesis strategy off
---------------------------------------------------------------------------------
Finished Constraint Validation : Time (s): cpu = 00:00:07 ; elapsed = 00:00:12 . Memory (MB): peak = 1550.145 ; gain = 566.824
---------------------------------------------------------------------------------
---------------------------------------------------------------------------------
Start Loading Part and Timing Information
---------------------------------------------------------------------------------
Loading part: xc7s50csga324-1
---------------------------------------------------------------------------------
Finished Loading Part and Timing Information : Time (s): cpu = 00:00:07 ; elapsed = 00:00:12 . Memory (MB): peak = 1550.145 ; gain = 566.824
---------------------------------------------------------------------------------
---------------------------------------------------------------------------------
Start Applying 'set_property' XDC Constraints
---------------------------------------------------------------------------------
Applied set_property KEEP_HIERARCHY = SOFT for U0. (constraint file  C:/Users/cloud/OneDrive/_Arty_Spartan_7/Projects/BME688-ARTYS7-50-SPI-MAIN/BME688-ARTYS7-50-SPI-MAIN.runs/BME688_ilmb_v10_0_synth_1/dont_touch.xdc, line 9).
---------------------------------------------------------------------------------
Finished applying 'set_property' XDC Constraints : Time (s): cpu = 00:00:07 ; elapsed = 00:00:12 . Memory (MB): peak = 1550.145 ; gain = 566.824
---------------------------------------------------------------------------------
---------------------------------------------------------------------------------
Finished RTL Optimization Phase 2 : Time (s): cpu = 00:00:07 ; elapsed = 00:00:12 . Memory (MB): peak = 1550.145 ; gain = 566.824
---------------------------------------------------------------------------------
---------------------------------------------------------------------------------
Start RTL Component Statistics 
---------------------------------------------------------------------------------
Detailed RTL Component Info : 
---------------------------------------------------------------------------------
Finished RTL Component Statistics 
---------------------------------------------------------------------------------
---------------------------------------------------------------------------------
Start Part Resource Summary
---------------------------------------------------------------------------------
Part Resources:
DSPs: 120 (col length:60)
BRAMs: 150 (col length: RAMB18 60 RAMB36 30)
---------------------------------------------------------------------------------
Finished Part Resource Summary
---------------------------------------------------------------------------------
---------------------------------------------------------------------------------
Start Cross Boundary and Area Optimization
---------------------------------------------------------------------------------
WARNING: [Synth 8-7080] Parallel synthesis criteria is not met
---------------------------------------------------------------------------------
Finished Cross Boundary and Area Optimization : Time (s): cpu = 00:00:08 ; elapsed = 00:00:14 . Memory (MB): peak = 1550.145 ; gain = 566.824
---------------------------------------------------------------------------------
---------------------------------------------------------------------------------
Start Applying XDC Timing Constraints
---------------------------------------------------------------------------------
---------------------------------------------------------------------------------
Finished Applying XDC Timing Constraints : Time (s): cpu = 00:00:10 ; elapsed = 00:00:17 . Memory (MB): peak = 1550.145 ; gain = 566.824
---------------------------------------------------------------------------------
---------------------------------------------------------------------------------
Start Timing Optimization
---------------------------------------------------------------------------------
---------------------------------------------------------------------------------
Finished Timing Optimization : Time (s): cpu = 00:00:10 ; elapsed = 00:00:17 . Memory (MB): peak = 1550.145 ; gain = 566.824
---------------------------------------------------------------------------------
---------------------------------------------------------------------------------
Start Technology Mapping
---------------------------------------------------------------------------------
---------------------------------------------------------------------------------
Finished Technology Mapping : Time (s): cpu = 00:00:10 ; elapsed = 00:00:17 . Memory (MB): peak = 1550.145 ; gain = 566.824
---------------------------------------------------------------------------------
---------------------------------------------------------------------------------
Start IO Insertion
---------------------------------------------------------------------------------
---------------------------------------------------------------------------------
Start Flattening Before IO Insertion
---------------------------------------------------------------------------------
---------------------------------------------------------------------------------
Finished Flattening Before IO Insertion
---------------------------------------------------------------------------------
---------------------------------------------------------------------------------
Start Final Netlist Cleanup
---------------------------------------------------------------------------------
---------------------------------------------------------------------------------
Finished Final Netlist Cleanup
---------------------------------------------------------------------------------
---------------------------------------------------------------------------------
Finished IO Insertion : Time (s): cpu = 00:00:13 ; elapsed = 00:00:21 . Memory (MB): peak = 1550.145 ; gain = 566.824
---------------------------------------------------------------------------------
---------------------------------------------------------------------------------
Start Renaming Generated Instances
---------------------------------------------------------------------------------
---------------------------------------------------------------------------------
Finished Renaming Generated Instances : Time (s): cpu = 00:00:13 ; elapsed = 00:00:21 . Memory (MB): peak = 1550.145 ; gain = 566.824
---------------------------------------------------------------------------------
---------------------------------------------------------------------------------
Start Rebuilding User Hierarchy
---------------------------------------------------------------------------------
---------------------------------------------------------------------------------
Finished Rebuilding User Hierarchy : Time (s): cpu = 00:00:13 ; elapsed = 00:00:21 . Memory (MB): peak = 1550.145 ; gain = 566.824
---------------------------------------------------------------------------------
---------------------------------------------------------------------------------
Start Renaming Generated Ports
---------------------------------------------------------------------------------
---------------------------------------------------------------------------------
Finished Renaming Generated Ports : Time (s): cpu = 00:00:13 ; elapsed = 00:00:21 . Memory (MB): peak = 1550.145 ; gain = 566.824
---------------------------------------------------------------------------------
---------------------------------------------------------------------------------
Start Handling Custom Attributes
---------------------------------------------------------------------------------
---------------------------------------------------------------------------------
Finished Handling Custom Attributes : Time (s): cpu = 00:00:13 ; elapsed = 00:00:21 . Memory (MB): peak = 1550.145 ; gain = 566.824
---------------------------------------------------------------------------------
---------------------------------------------------------------------------------
Start Renaming Generated Nets
---------------------------------------------------------------------------------
---------------------------------------------------------------------------------
Finished Renaming Generated Nets : Time (s): cpu = 00:00:13 ; elapsed = 00:00:21 . Memory (MB): peak = 1550.145 ; gain = 566.824
---------------------------------------------------------------------------------
---------------------------------------------------------------------------------
Start Writing Synthesis Report
---------------------------------------------------------------------------------

Report BlackBoxes: 
+-+--------------+----------+
| |BlackBox name |Instances |
+-+--------------+----------+
+-+--------------+----------+

Report Cell Usage: 
+------+-----+------+
|      |Cell |Count |
+------+-----+------+
|1     |FDS  |     1|
+------+-----+------+
---------------------------------------------------------------------------------
Finished Writing Synthesis Report : Time (s): cpu = 00:00:13 ; elapsed = 00:00:21 . Memory (MB): peak = 1550.145 ; gain = 566.824
---------------------------------------------------------------------------------
Synthesis finished with 0 errors, 0 critical warnings and 1 warnings.
Synthesis Optimization Runtime : Time (s): cpu = 00:00:09 ; elapsed = 00:00:19 . Memory (MB): peak = 1550.145 ; gain = 551.664
Synthesis Optimization Complete : Time (s): cpu = 00:00:13 ; elapsed = 00:00:21 . Memory (MB): peak = 1550.145 ; gain = 566.824
INFO: [Project 1-571] Translating synthesized netlist
Netlist sorting complete. Time (s): cpu = 00:00:00 ; elapsed = 00:00:00.002 . Memory (MB): peak = 1550.145 ; gain = 0.000
INFO: [Netlist 29-17] Analyzing 1 Unisim elements for replacement
INFO: [Netlist 29-28] Unisim Transformation completed in 0 CPU seconds
INFO: [Project 1-570] Preparing netlist for logic optimization
INFO: [Opt 31-138] Pushed 0 inverter(s) to 0 load pin(s).
Netlist sorting complete. Time (s): cpu = 00:00:00 ; elapsed = 00:00:00 . Memory (MB): peak = 1550.145 ; gain = 0.000
INFO: [Project 1-111] Unisim Transformation Summary:
  A total of 1 instances were transformed.
  FDS => FDSE: 1 instance 

The system cannot find the path specified.
Synth Design complete | Checksum: af6c2d75
INFO: [Common 17-83] Releasing license: Synthesis
26 Infos, 1 Warnings, 0 Critical Warnings and 0 Errors encountered.
synth_design completed successfully
synth_design: Time (s): cpu = 00:00:14 ; elapsed = 00:00:24 . Memory (MB): peak = 1550.145 ; gain = 955.660
INFO: [Common 17-1381] The checkpoint 'C:/Users/cloud/OneDrive/_Arty_Spartan_7/Projects/BME688-ARTYS7-50-SPI-MAIN/BME688-ARTYS7-50-SPI-MAIN.runs/BME688_ilmb_v10_0_synth_1/BME688_ilmb_v10_0.dcp' has been generated.
INFO: [Coretcl 2-1648] Added synthesis output to IP cache for IP BME688_ilmb_v10_0, cache-ID = 79a6874f1733c15a
INFO: [Common 17-1381] The checkpoint 'C:/Users/cloud/OneDrive/_Arty_Spartan_7/Projects/BME688-ARTYS7-50-SPI-MAIN/BME688-ARTYS7-50-SPI-MAIN.runs/BME688_ilmb_v10_0_synth_1/BME688_ilmb_v10_0.dcp' has been generated.
INFO: [runtcl-4] Executing : report_utilization -file BME688_ilmb_v10_0_utilization_synth.rpt -pb BME688_ilmb_v10_0_utilization_synth.pb
INFO: [Common 17-206] Exiting Vivado at Wed Feb 21 13:36:01 2024...
